<?xml version="1.0" encoding="UTF-8"?>
<!-- Generated by org.testng.reporters.JUnitReportReporter -->
<testsuite hostname="mohammedbarhoum" failures="0" tests="3" name="Advance_Test.Part5" time="0.009" errors="0" timestamp="2023-02-23T01:54:24 IST" skipped="0">
  <testcase classname="Advance_Test.Part5" name="TEst4" time="0.008"/>
  <system-out/>
  <testcase classname="Advance_Test.Part5" name="TEst6" time="0.000"/>
  <system-out/>
  <testcase classname="Advance_Test.Part5" name="TEst5" time="0.001"/>
  <system-out/>
</testsuite> <!-- Advance_Test.Part5 -->
