<?xml version="1.0" encoding="UTF-8"?>
<!-- Generated by org.testng.reporters.JUnitReportReporter -->
<testsuite hostname="mohammedbarhoum" failures="0" tests="3" name="Test_AddToCart" time="65.724" errors="0" timestamp="2023-02-19T01:45:47 IST" skipped="0">
  <testcase classname="Test_AddToCart" name="Add_To_Cart_Part1" time="22.830"/>
  <system-out/>
  <testcase classname="Test_AddToCart" name="Test_Add_To_Cart_Part2" time="32.848"/>
  <system-out/>
  <testcase classname="Test_AddToCart" name="The_Total" time="10.046"/>
  <system-out/>
</testsuite> <!-- Test_AddToCart -->
