<?xml version="1.0" encoding="UTF-8"?>
<!-- Generated by org.testng.reporters.JUnitReportReporter -->
<testsuite hostname="mohammedbarhoum" failures="0" tests="3" name="Advance_Test.NewTestPart4" time="0.007" errors="0" timestamp="2023-02-23T01:36:13 IST" skipped="0">
  <testcase classname="Advance_Test.NewTestPart4" name="test1" time="0.004"/>
  <system-out/>
  <testcase classname="Advance_Test.NewTestPart4" name="test3" time="0.002"/>
  <system-out/>
  <testcase classname="Advance_Test.NewTestPart4" name="test2" time="0.001"/>
  <system-out/>
</testsuite> <!-- Advance_Test.NewTestPart4 -->
