<?xml version="1.0" encoding="UTF-8"?>
<!-- Generated by org.testng.reporters.JUnitReportReporter -->
<testsuite hostname="mohammedbarhoum" failures="0" tests="3" name="Test_menu" time="0.145" errors="0" timestamp="2023-02-18T23:43:56 IST" skipped="0">
  <testcase classname="Test_menu" name="Menu_Laptop_Test" time="0.061"/>
  <system-out/>
  <testcase classname="Test_menu" name="Menu_Monitors_Test" time="0.035"/>
  <system-out/>
  <testcase classname="Test_menu" name="Menu_Mobile_Test" time="0.049"/>
  <system-out/>
</testsuite> <!-- Test_menu -->
