<?xml version="1.0" encoding="UTF-8"?>
<!-- Generated by org.testng.reporters.JUnitReportReporter -->
<testsuite hostname="mohammedbarhoum" failures="0" tests="3" name="InvocationTimeout.InvoTimmeout" time="17.484" errors="0" timestamp="2023-03-02T02:00:06 IST" skipped="0">
  <testcase classname="InvocationTimeout.InvoTimmeout" name="OpenWebSite" time="5.190"/>
  <system-out/>
  <testcase classname="InvocationTimeout.InvoTimmeout" name="OpenWebSite" time="6.147"/>
  <system-out/>
  <testcase classname="InvocationTimeout.InvoTimmeout" name="OpenWebSite" time="6.147"/>
  <system-out/>
</testsuite> <!-- InvocationTimeout.InvoTimmeout -->
