<?xml version="1.0" encoding="UTF-8"?>
<!-- Generated by org.testng.reporters.JUnitReportReporter -->
<testsuite hostname="mohammedbarhoum" failures="0" tests="6" name="TestGroup.NewTest" time="0.006" errors="0" timestamp="2023-02-26T01:54:40 IST" skipped="0">
  <testcase classname="TestGroup.NewTest" name="Test2" time="0.001"/>
  <system-out/>
  <testcase classname="TestGroup.NewTest" name="Test3" time="0.000"/>
  <system-out/>
  <testcase classname="TestGroup.NewTest" name="Test1" time="0.004"/>
  <system-out/>
  <testcase classname="TestGroup.NewTest" name="Test6" time="0.000"/>
  <system-out/>
  <testcase classname="TestGroup.NewTest" name="Test5" time="0.001"/>
  <system-out/>
  <testcase classname="TestGroup.NewTest" name="Test4" time="0.000"/>
  <system-out/>
</testsuite> <!-- TestGroup.NewTest -->
