<?xml version="1.0" encoding="UTF-8"?>
<!-- Generated by org.testng.reporters.JUnitReportReporter -->
<testsuite hostname="mohammedbarhoum" failures="0" tests="1" name="First_Test.Test_AddToCart" time="23.000" errors="0" timestamp="2023-02-23T01:07:17 IST" skipped="0">
  <testcase classname="First_Test.Test_AddToCart" name="Add_To_Cart_Part1" time="23.000"/>
  <system-out/>
</testsuite> <!-- First_Test.Test_AddToCart -->
