<?xml version="1.0" encoding="UTF-8"?>
<!-- Generated by org.testng.reporters.JUnitReportReporter -->
<testsuite hostname="mohammedbarhoum" failures="0" tests="6" name="E_CommerceTest" time="64.033" errors="0" timestamp="2023-02-21T01:20:49 IST" skipped="0">
  <testcase classname="E_CommerceTest" name="Signin" time="12.423"/>
  <system-out/>
  <testcase classname="E_CommerceTest" name="Login" time="3.219"/>
  <system-out/>
  <testcase classname="E_CommerceTest" name="Contact_Us_Test" time="13.379"/>
  <system-out/>
  <testcase classname="E_CommerceTest" name="About_Us" time="10.280"/>
  <system-out/>
  <testcase classname="E_CommerceTest" name="Testmobile" time="15.945"/>
  <system-out/>
  <testcase classname="E_CommerceTest" name="Mobile_Nokia1520" time="8.787"/>
  <system-out/>
</testsuite> <!-- E_CommerceTest -->
